<?xml version="1.0" encoding="UTF-8"?>
<!-- Generated by org.testng.reporters.JUnitReportReporter -->
<testsuite skipped="0" hostname="DESKTOP-9S7NQ6K" name="qsp.DemoA" tests="1" failures="0" timestamp="23 Jan 2019 10:31:28 GMT" time="0.011" errors="0">
  <testcase name="testA" time="0.011" classname="qsp.DemoA"/>
</testsuite> <!-- qsp.DemoA -->
